======================================================================
W1 — τ-near-i 2D χ² scan
======================================================================
Grid: 30×30, Re τ ∈ [-0.50, 0.50], Im τ ∈ [0.70, 1.50]
Total grid points: 900

  30/900 done, elapsed 3.5 min, ETA 101.3 min
  60/900 done, elapsed 6.8 min, ETA 95.5 min
  90/900 done, elapsed 10.6 min, ETA 95.5 min
  120/900 done, elapsed 13.8 min, ETA 89.8 min
  150/900 done, elapsed 16.9 min, ETA 84.5 min
  180/900 done, elapsed 20.5 min, ETA 82.0 min
  210/900 done, elapsed 24.6 min, ETA 80.7 min
  240/900 done, elapsed 27.9 min, ETA 76.7 min
  270/900 done, elapsed 31.0 min, ETA 72.4 min
  300/900 done, elapsed 34.3 min, ETA 68.7 min
  330/900 done, elapsed 37.4 min, ETA 64.5 min
  360/900 done, elapsed 41.4 min, ETA 62.0 min
  390/900 done, elapsed 44.7 min, ETA 58.4 min
  420/900 done, elapsed 47.5 min, ETA 54.3 min
  450/900 done, elapsed 50.6 min, ETA 50.6 min
  480/900 done, elapsed 53.6 min, ETA 46.9 min
  510/900 done, elapsed 57.6 min, ETA 44.1 min
  540/900 done, elapsed 61.8 min, ETA 41.2 min
  570/900 done, elapsed 65.6 min, ETA 38.0 min
  600/900 done, elapsed 69.3 min, ETA 34.6 min
  630/900 done, elapsed 72.6 min, ETA 31.1 min
  660/900 done, elapsed 76.4 min, ETA 27.8 min
  690/900 done, elapsed 80.0 min, ETA 24.4 min
  720/900 done, elapsed 84.0 min, ETA 21.0 min
  750/900 done, elapsed 88.3 min, ETA 17.7 min
  780/900 done, elapsed 91.9 min, ETA 14.1 min
  810/900 done, elapsed 95.4 min, ETA 10.6 min
  840/900 done, elapsed 99.0 min, ETA 7.1 min
  870/900 done, elapsed 103.0 min, ETA 3.6 min
  900/900 done, elapsed 107.0 min, ETA 0.0 min

Scan complete in 107.0 min

Global best τ = -0.1897+1.0034i
  χ²_total = 7.3384
  |τ - i|  = 0.1897

Best near-i τ (|τ-i|<0.3): -0.1897+1.0034i
  |τ - i|   = 0.1897
  χ²_total  = 7.3384
  χ²_up     = 6.769025334311449e-19
  χ²_lep    = 3.1470808163905744e-18
  χ²_ckm    = 7.3384451830945805
  m_c/m_t   = 2.68000e-03  (PDG: 2.68000e-03)
  m_u/m_c   = 2.04000e-03  (PDG: 2.04000e-03)
  m_e/m_μ  = 4.83633e-03  (PDG: 4.83633e-03)
  m_μ/m_τ = 5.94635e-02  (PDG: 5.94635e-02)
  sin θ_12  = 0.22532  (PDG: 0.22530)
  sin θ_13  = 0.003664  (PDG: 0.003690)
  sin θ_23  = 0.04165  (PDG: 0.04182)

  χ²/dof (7 obs) = 1.048

Top-10 grid points by χ²_total:
                          τ     |τ-i|          χ²        χ²/7
  -0.1897+1.0034i    0.1897      7.3384      1.0483
  -0.1897+0.7276i    0.3319      7.9104      1.1301
  -0.2241+1.0034i    0.2242      8.4599      1.2086
  -0.2241+0.7276i    0.3528      9.5227      1.3604
  -0.2586+0.7552i    0.3561     10.0148      1.4307
  -0.2931+0.7828i    0.3648     10.6670      1.5239
  -0.2241+0.7552i    0.3319     10.6805      1.5258
  -0.2931+0.9207i    0.3036     11.0181      1.5740
  +0.2931+0.8379i    0.3349     12.1769      1.7396
  +0.3276+0.7828i    0.3931     12.2193      1.7456

======================================================================
VERDICT
======================================================================

  [TAU-NEAR-I VIABLE — local minimum found at τ* = -0.1897+1.0034i with χ²/dof = 1.05 < 5, within |τ-i| < 0.3]

  LYD20 best fit: τ = -0.21 + 1.52i (|τ-i| = 0.5608)
  Near-i best:    τ = -0.1897+1.0034i (|τ-i| = 0.1897)
  Global best:    τ = -0.1897+1.0034i
Traceback (most recent call last):
  File "/home/remondiere/pc_calcs/W1_tau_near_i_scan.py", line 627, in <module>
    plt.savefig('/tmp/agents_v647_evening/W1/chi2_landscape.png', dpi=150, bbox_inches='tight')
  File "/home/remondiere/.local/lib/python3.12/site-packages/matplotlib/pyplot.py", line 1250, in savefig
    res = fig.savefig(*args, **kwargs)  # type: ignore[func-returns-value]
          ^^^^^^^^^^^^^^^^^^^^^^^^^^^^
  File "/home/remondiere/.local/lib/python3.12/site-packages/matplotlib/figure.py", line 3490, in savefig
    self.canvas.print_figure(fname, **kwargs)
  File "/home/remondiere/.local/lib/python3.12/site-packages/matplotlib/backend_bases.py", line 2186, in print_figure
    result = print_method(
             ^^^^^^^^^^^^^
  File "/home/remondiere/.local/lib/python3.12/site-packages/matplotlib/backend_bases.py", line 2042, in <lambda>
    print_method = functools.wraps(meth)(lambda *args, **kwargs: meth(
                                                                 ^^^^^
  File "/home/remondiere/.local/lib/python3.12/site-packages/matplotlib/backends/backend_agg.py", line 481, in print_png
    self._print_pil(filename_or_obj, "png", pil_kwargs, metadata)
  File "/home/remondiere/.local/lib/python3.12/site-packages/matplotlib/backends/backend_agg.py", line 430, in _print_pil
    mpl.image.imsave(
  File "/home/remondiere/.local/lib/python3.12/site-packages/matplotlib/image.py", line 1657, in imsave
    image.save(fname, **pil_kwargs)
  File "/home/remondiere/.local/lib/python3.12/site-packages/PIL/Image.py", line 2563, in save
    fp = builtins.open(filename, "w+b")
         ^^^^^^^^^^^^^^^^^^^^^^^^^^^^^^
FileNotFoundError: [Errno 2] No such file or directory: '/tmp/agents_v647_evening/W1/chi2_landscape.png'
