── Effective M_P² ────────────────────────────────────────────────────
  M_P_eff² = M_P**2 - \chi**2*\xi

── Kinetic matrix K ─────────────────────────────────────────────────
  K11 = M_P_eff²/2  = M_P**2/2 - \chi**2*\xi/2
  K12 = K21          = ξχ
  K22               = 1
  det(K)             = M_P**2/2 - \chi**2*\xi**2 - \chi**2*\xi/2

  det(K) factored    = (M_P**2 - 2*\chi**2*\xi**2 - \chi**2*\xi)/2

  det(K) expanded    = M_P**2/2 - \chi**2*\xi**2 - \chi**2*\xi/2

── No-ghost condition (D3) ──────────────────────────────────────────
  Necessary condition: M_P_eff² > 0
  i.e.  M_P**2 - \chi**2*\xi  > 0

  Dimensionless form: let  x ≡ ξ_χ χ² / M_P²
  No-ghost ↔  1 - x > 0  ↔  x < 1
  i.e.  ξ_χ χ² / M_P²  < 1

  For ξ > 0: |χ| < M_P / √ξ  =  [-M_P/sqrt(\xi), M_P/sqrt(\xi)]

── Q_χ (scalar kinetic factor, Fujita 2016) ─────────────────────────
  Q_χ = M_P**2 + 6*\chi**2*\xi**2 - \chi**2*\xi

── Numerical check: Q_χ vs χ/M_P  (ξ=0.1, M_P=1) ──────────────────
     χ/M_P      M_P_eff²           Q_χ   no-ghost?
      0.10        0.9990        0.9996          OK
      0.20        0.9960        0.9984          OK
      0.30        0.9910        0.9964          OK
      0.40        0.9840        0.9936          OK
      0.50        0.9750        0.9900          OK
      0.60        0.9640        0.9856          OK
      0.70        0.9510        0.9804          OK
      0.80        0.9360        0.9744          OK
      0.90        0.9190        0.9676          OK
      1.00        0.9000        0.9600          OK

── LaTeX (paste into paper) ─────────────────────────────────────────
  \text{No-ghost: } \quad \frac{\xi_\chi \chi^2}{M_P^2} < 1

  Q_\chi = M_{P,\text{eff}}^2 \left(1 + \frac{6\xi^2\chi^2}{M_{P,\text{eff}}^2}\right) > 0

Status: FUNCTIONAL — no-ghost bound derived and numerically verified.

--- STDERR ---
