In file included from ../include/arrays.h:8,
                 from ../include/distortions.h:9,
                 from ../source/distortions.c:13:
../source/distortions.c: In function ‘distortions_output_sd_titles’:
../source/distortions.c:1943:32: warning: ‘__builtin___snprintf_chk’ output may be truncated before the last format character [-Wformat-truncation=]
 1943 |       class_sprintf(temp_title,"SD[e_%i]",(index_type-psd->index_type_PCA));
      |                                ^~~~~~~~~~
../include/common.h:110:44: note: in definition of macro ‘class_sprintf’
  110 |   snprintf(string, _buffer_size_sprintf+1, format);                                                                \
      |                                            ^~~~~~
../source/distortions.c:1943:41: note: format string is defined here
 1943 |       class_sprintf(temp_title,"SD[e_%i]",(index_type-psd->index_type_PCA));
      |                                         ^
In file included from /usr/include/stdio.h:980,
                 from ../include/common.h:3:
In function ‘snprintf’,
    inlined from ‘distortions_output_sd_titles’ at ../source/distortions.c:1943:7:
/usr/include/x86_64-linux-gnu/bits/stdio2.h:54:10: note: ‘__builtin___snprintf_chk’ output between 8 and 18 bytes into a destination of size 17
   54 |   return __builtin___snprintf_chk (__s, __n, __USE_FORTIFY_LEVEL - 1,
      |          ^~~~~~~~~~~~~~~~~~~~~~~~~~~~~~~~~~~~~~~~~~~~~~~~~~~~~~~~~~~~
   55 |                                    __glibc_objsize (__s), __fmt,
      |                                    ~~~~~~~~~~~~~~~~~~~~~~~~~~~~~
   56 |                                    __va_arg_pack ());
      |                                    ~~~~~~~~~~~~~~~~~
g++ --std=c++11 -fpermissive -Wno-write-strings -O3 -pthread  -g -fPIC -o class build/growTable.o build/dei_rkck.o build/sparse.o build/evolver_rkck.o build/evolver_ndf15.o build/arrays.opp build/parser.o build/quadrature.o build/hyperspherical.opp build/common.o build/rootfinder.o build/trigonometric_integrals.o build/input.o build/background.o build/thermodynamics.o build/perturbations.opp build/primordial.opp build/fourier.o build/transfer.opp build/harmonic.opp build/lensing.opp build/distortions.o build/wrap_recfast.o build/injection.o build/noninjection.o build/hyrectools.o build/helium.o build/hydrogen.o build/history.o build/wrap_hyrec.o build/energy_injection.o build/input_smg.o build/background_smg.o build/perturbations_smg.o build/fourier_smg.o build/gravity_functions_smg.o build/gravity_models_smg.o build/output.o build/class.o -lm
