        File "/tmp/pip-build-env-_9745bly/overlay/lib/python3.12/site-packages/setuptools/build_meta.py", line 333, in get_requires_for_build_wheel
          return self._get_build_requires(config_settings, requirements=[])
                 ^^^^^^^^^^^^^^^^^^^^^^^^^^^^^^^^^^^^^^^^^^^^^^^^^^^^^^^^^^
        File "/tmp/pip-build-env-_9745bly/overlay/lib/python3.12/site-packages/setuptools/build_meta.py", line 301, in _get_build_requires
          self.run_setup()
        File "/tmp/pip-build-env-_9745bly/overlay/lib/python3.12/site-packages/setuptools/build_meta.py", line 520, in run_setup
          super().run_setup(setup_script=setup_script)
        File "/tmp/pip-build-env-_9745bly/overlay/lib/python3.12/site-packages/setuptools/build_meta.py", line 317, in run_setup
          exec(code, locals())
        File "<string>", line 3, in <module>
      ModuleNotFoundError: No module named 'Cython'
      [end of output]
  
  note: This error originates from a subprocess, and is likely not a problem with pip.
ERROR: Failed to build 'file:///tmp/dryrun_hiclass/python' when getting requirements to build editable
Obtaining file:///tmp/dryrun_hiclass/python
  Checking if build backend supports build_editable: started
  Checking if build backend supports build_editable: finished with status 'done'
  Preparing editable metadata (pyproject.toml): started
  Preparing editable metadata (pyproject.toml): finished with status 'done'
Building wheels for collected packages: classy
  Building editable for classy (pyproject.toml): started
  Building editable for classy (pyproject.toml): finished with status 'done'
  Created wheel for classy: filename=classy-3.2.3-0.editable-cp312-cp312-linux_x86_64.whl size=2698 sha256=6f8217335644616383216665661cc6d7377b2c6620f0d995e7c9384629e7e863
  Stored in directory: /tmp/pip-ephem-wheel-cache-4g14w2on/wheels/46/d5/45/0160c25f12718eb8f66e6c40593725c37cb4f6fed0559321ee
Successfully built classy
Installing collected packages: classy
Successfully installed classy-3.2.3
h= {'h': 0.6781}
