======================================================================
M96 — Bridge Sampling Bayes Factors: 5 Cosmological Models
Run date: 2026-05-06 16:11:44 UTC
======================================================================

────────────────────────────────────────────────────────────
MODEL: ΛCDM  (LCDM)
────────────────────────────────────────────────────────────
  Chain: (20000, 3), divergence rate: 0.0%
  Starting bridge sampling...
  Fitting Gaussian proposal on 10000 samples...
  Drawing 20000 samples from proposal...
  Evaluating log-posterior on 10000 chain samples...
    Done in 1.5s; finite=10000/10000
  Evaluating log-posterior on 20000 proposal samples...
    Done in 3.6s; finite=20000/20000
    iter    0: log Z = -33.0592 (delta=3.31e+01)
    iter    1: log Z = -33.0745 (delta=1.53e-02)
    iter    2: log Z = -33.0746 (delta=1.26e-04)
    iter    3: log Z = -33.0746 (delta=1.04e-06)
    Converged at iter 3 (delta=1.04e-06)
  Elapsed: 7.1s
  log Z = -33.0746 ± 0.0012  [OK]

────────────────────────────────────────────────────────────
MODEL: ECI-NMC (Cassini)  (ECI_NMC_Cassini)
────────────────────────────────────────────────────────────
  Chain: (20000, 5), divergence rate: 65.4%
  Starting bridge sampling...
  Fitting Gaussian proposal on 10000 samples...
  Drawing 20000 samples from proposal...
  Evaluating log-posterior on 10000 chain samples...
    Done in 3.4s; finite=10000/10000
  Evaluating log-posterior on 20000 proposal samples...
    Done in 5.1s; finite=18310/20000
    iter    0: log Z = -25.9717 (delta=2.60e+01)
    iter    1: log Z = -29.7891 (delta=3.82e+00)
    iter    2: log Z = -31.4936 (delta=1.70e+00)
    iter    3: log Z = -31.9517 (delta=4.58e-01)
    iter    4: log Z = -32.0866 (delta=1.35e-01)
    Converged at iter 11 (delta=4.39e-05)
  Elapsed: 9.5s
  log Z = -32.1480 ± 0.0066  [OK]

────────────────────────────────────────────────────────────
MODEL: Wolf-NMC (free ξ)  (Wolf_NMC_free)
────────────────────────────────────────────────────────────
  Chain: (20000, 5), divergence rate: 38.7%
  Starting bridge sampling...
  Fitting Gaussian proposal on 10000 samples...
  Drawing 20000 samples from proposal...
  Evaluating log-posterior on 10000 chain samples...
    Done in 3.3s; finite=10000/10000
  Evaluating log-posterior on 20000 proposal samples...
    Done in 7.0s; finite=18578/20000
    iter    0: log Z = -26.1673 (delta=2.62e+01)
    iter    1: log Z = -28.2072 (delta=2.04e+00)
    iter    2: log Z = -29.6101 (delta=1.40e+00)
    iter    3: log Z = -30.6017 (delta=9.92e-01)
    iter    4: log Z = -31.2457 (delta=6.44e-01)
    Converged at iter 23 (delta=9.96e-05)
  Elapsed: 11.6s
  log Z = -32.2787 ± 0.0152  [OK]

────────────────────────────────────────────────────────────
MODEL: Karam-Palatini  (Karam_Palatini)
────────────────────────────────────────────────────────────
  Chain: (20000, 6), divergence rate: 75.0%
  Starting bridge sampling...
  Fitting Gaussian proposal on 10000 samples...
  Drawing 20000 samples from proposal...
  Evaluating log-posterior on 10000 chain samples...
    Done in 3.0s; finite=10000/10000
  Evaluating log-posterior on 20000 proposal samples...
    Done in 4.2s; finite=15274/20000
    iter    0: log Z = -28.5813 (delta=2.86e+01)
    iter    1: log Z = -30.2031 (delta=1.62e+00)
    iter    2: log Z = -30.8981 (delta=6.95e-01)
    iter    3: log Z = -31.2736 (delta=3.76e-01)
    iter    4: log Z = -31.4972 (delta=2.24e-01)
    Converged at iter 24 (delta=8.32e-05)
  Elapsed: 8.3s
  log Z = -31.9096 ± 0.0128  [OK]

────────────────────────────────────────────────────────────
MODEL: DESI w₀wₐ  (DESI_w0wa)
────────────────────────────────────────────────────────────
  Chain: (20000, 5), divergence rate: 45.0%
  Starting bridge sampling...
  Fitting Gaussian proposal on 10000 samples...
  Drawing 20000 samples from proposal...
  Evaluating log-posterior on 10000 chain samples...
    Done in 2.8s; finite=10000/10000
  Evaluating log-posterior on 20000 proposal samples...
    Done in 4.1s; finite=18269/20000
    iter    0: log Z = -32.5027 (delta=3.25e+01)
    iter    1: log Z = -33.5674 (delta=1.06e+00)
    iter    2: log Z = -33.7089 (delta=1.41e-01)
    iter    3: log Z = -33.7290 (delta=2.01e-02)
    iter    4: log Z = -33.7319 (delta=2.87e-03)
    Converged at iter 6 (delta=5.85e-05)
  Elapsed: 7.9s
  log Z = -33.7323 ± 0.0046  [OK]

======================================================================
SUMMARY: log Z (evidence) per model
======================================================================
Model                       log Z      ±    2Δln BF     Jeffreys   div%   warn
----------------------------------------------------------------------
ΛCDM                      -33.075  0.001      0.000 inconclusive    0.0
ECI-NMC (Cassini)         -32.148  0.007      1.853 inconclusive   65.4 DIVERG
Wolf-NMC (free ξ)         -32.279  0.015      1.592 inconclusive   38.7 DIVERG
Karam-Palatini            -31.910  0.013      2.330         weak   75.0 DIVERG
DESI w₀wₐ                 -33.732  0.005     -1.315 inconclusive   45.0 DIVERG

Bayes Factors BF(M / ΛCDM) = exp(log Z_M - log Z_ΛCDM):
Model                       ln BF           BF Interpretation
----------------------------------------------------------------------
ECI-NMC (Cassini)           0.927       2.5259  inconclusive
Wolf-NMC (free ξ)           0.796       2.2165  inconclusive
Karam-Palatini              1.165       3.2059  favours Karam-Palatini
DESI w₀wₐ                  -0.658       0.5181  inconclusive

======================================================================
POSTERIOR PARAMETER CONSTRAINTS (mean ± std, from overnight_results.json)
======================================================================

ΛCDM (LCDM, div=0.0%):
  H0                : 68.957 ± 1.3262  [67.646, 70.278]
  obh2              : 0.022466 ± 0.0014059  [0.021076, 0.023866]
  och2              : 0.1195 ± 0.0087206  [0.11081, 0.12815]

ECI-NMC (Cassini) (ECI_NMC_Cassini, div=65.4%):
  H0                : 64.042 ± 2.9533  [61.026, 67.178]
  obh2              : 0.022438 ± 0.001413  [0.021027, 0.023852]
  och2              : 0.11201 ± 0.0092932  [0.10281, 0.12128]
  xi                : 0.00044076 ± 0.01367  [-0.015608, 0.016532]
  lambda            : 1.2976 ± 0.48794  [0.81393, 1.7559]

Wolf-NMC (free ξ) (Wolf_NMC_free, div=38.7%):
  H0                : 64.538 ± 3.0767  [61.511, 67.873]
  obh2              : 0.022539 ± 0.0013832  [0.021149, 0.023863]
  och2              : 0.11297 ± 0.0092089  [0.10383, 0.12203]
  xi                : -3.1197 ± 3.4758  [-7.1985, -0.10415]
  lambda            : 0.58204 ± 0.38163  [0.24672, 0.97285]

Karam-Palatini (Karam_Palatini, div=75.0%):
  H0                : 64.37 ± 2.8719  [61.391, 67.251]
  obh2              : 0.02237 ± 0.0013307  [0.021083, 0.023682]
  och2              : 0.11204 ± 0.0086869  [0.10321, 0.12003]
  xi                : -0.91416 ± 4.8712  [-6.4796, 4.938]
  lambda            : 1.1022 ± 0.67691  [0.41241, 1.8656]
  xi_eff_factor     : 0.30802 ± 0.28212  [0.041484, 0.65835]

DESI w₀wₐ (DESI_w0wa, div=45.0%):
  H0                : 64.637 ± 2.5084  [62.206, 67.079]
  obh2              : 0.022472 ± 0.0013806  [0.021101, 0.023853]
  och2              : 0.12498 ± 0.014391  [0.11108, 0.13908]
  w0                : -0.42254 ± 0.2257  [-0.66149, -0.19849]
  wa                : -1.8771 ± 0.81204  [-2.7025, -1.0093]

[saved] /home/remondiere/crossed-cosmos/notes/eci_v7_aspiration/M96_BAYES_FACTORS/bridge_results.json

[done] M96 bridge sampling complete.
