======================================================
d=2 K=Q(sqrt(-2)) N=8 k=5 chi=Mod(3,8)
======================================================
  nforms=2
  j=1 a2=4 a3=-14 a5=0 a7=0
  LVALS_8.5.d2: L1=0.61207759651444695607678885994052574841255002251045377720834266482611065741705034 L2=1.0197709163936314063132853578497403717757192144140743809499494589735675395132064 L3=1.1326807013188466899538615378556086847344334729362153955023867256189848737912001 L4=1.1183039471712792107486598278597943911391581106059232351785925709675369257762688
  Rf_8.5.d2=1.8856180831641267317355849656129307714262291671692640975689063173209766379494761
  Rf_BESTAPPR_8.5.d2=768398401/407504790
  Rf_OVER_SQRTD_8.5.d2=4/3
  BOOT_8.5.d2: a1/sqd=12 a2=9 a3/sqd=9/4
  RESID_Q_8.5.d2=1.5968011395908878143626642590896027000459143575476549675833079922839712269564443 E-18
  RESID_SQRTD_8.5.d2=9.363352709384396654 E-97
VERDICT_8.5.d2: Rf IN Q(sqrt(2))\Q = (4/3)*sqrt(2)
DONE_8.5.d2
  j=2 a2=Mod(-2*y, y^2 - y + 4) a3=Mod(6, y^2 - y + 4) a5=Mod(16*y - 8, y^2 - y + 4) a7=Mod(-32*y + 16, y^2 - y + 4)
[0;31m[0;31m  ***   at top-level: ...[0;35mF,5)," a7=",mfcoef(F,7));[0;35mdo_compute(mf,F,d,lab
[0;31m[0;31m  ***                                             ^---------------------
[0;31m  ***   in function do_compute: [0;35mLobj=lfunmf(mf,F);L1=[0;35mlfun(Lobj,1);L2=lfun(Lobj
[0;31m[0;31m  ***                                                ^-------------------------
  *** lfun: incorrect type in lfunmisc_to_ldata (t_VEC).[0m

======================================================
d=19 K=Q(sqrt(-19)) N=19 k=5 chi=Mod(18,19)
======================================================
  nforms=2
  j=1 a2=0 a3=0 a5=31
  LVALS_19.5.d19: L1=2.1676107808469026516583559145424478874075752370145526245770078277334715120586975 L2=1.7815289150378151431930256022063569230483763629318997874717536924992967514589380 L3=1.2840027319133855545080814699570386897933767979085641563287985259696778697748532 L4=1.0820298843400104850426965600366103099121164521742519642708142858015713363737661
  Rf_19.5.d19=3.8224190735664368073462765089230475780124495959730670985038402442322271955012309
  Rf_BESTAPPR_19.5.d19=1580687058/413530549
  Rf_OVER_SQRTD_19.5.d19=57/65
  BOOT_19.5.d19: a1/sqd=57/4 a2=65/4 a3/sqd=65/76
  RESID_Q_19.5.d19=2.2143780188794498558040233449780045789510223942503628568644256543417300022717024 E-18
  RESID_SQRTD_19.5.d19=5.618011625630637993 E-96
VERDICT_19.5.d19: Rf IN Q(sqrt(19))\Q = (57/65)*sqrt(19)
DONE_19.5.d19
  j=2 a2=Mod(y, y^4 + 35*y^2 + 142) a3=Mod(-1/3*y^3 - 28/3*y, y^4 + 35*y^2 + 142) a5=Mod(-1/3*y^2 - 49/3, y^4 + 35*y^2 + 142)
[0;31m[0;31m  ***   at top-level: ...[0;35mF,3)," a5=",mfcoef(F,5));[0;35mdo_compute(mf,F,d,lab
[0;31m[0;31m  ***                                             ^---------------------
[0;31m  ***   in function do_compute: [0;35mLobj=lfunmf(mf,F);L1=[0;35mlfun(Lobj,1);L2=lfun(Lobj
[0;31m[0;31m  ***                                                ^-------------------------
  *** lfun: incorrect type in lfunmisc_to_ldata (t_VEC).[0m
  FALLBACK d=19: Mod(7,19) also empty

======================================================
d=43 K=Q(sqrt(-43)) N=43 k=5 chi=Mod(42,43)
======================================================
  nforms=2
  j=1 a2=0 a3=0 a5=0
  LVALS_43.5.d43: L1=7.3819515796477694498002487790280951334590561075484869171763629053131786610491138 L2=2.9334649567931674748445982847263986782662661331646888016226480461670877203320351 L3=1.4053889981081409802825898416719142016022640633684010002314486856816891572714782 L4=1.0823229401124205956409241601608732470332824981509985258119312371306223639558517
  Rf_43.5.d43=7.9056969124762437771251419597667683177811089277103633674078911553322441224301519
  Rf_BESTAPPR_43.5.d43=2987167191/377849951
  Rf_OVER_SQRTD_43.5.d43=129/107
  BOOT_43.5.d43: a1/sqd=129/4 a2=107/4 a3/sqd=107/172
  RESID_Q_43.5.d43=3.9489270605749693400927703954889929159401513312457243012777071635117627974756 E-19
  RESID_SQRTD_43.5.d43=7.490682167507517323 E-96
VERDICT_43.5.d43: Rf IN Q(sqrt(43))\Q = (129/107)*sqrt(43)
DONE_43.5.d43
  j=2 a2=Mod(y, y^12 + 142*y^10 + 7173*y^8 + 157368*y^6 + 1510016*y^4 + 5098688*y^2 + 90352) a3=Mod(7373/437360736*y^11 + 88339/36446728*y^9 + 18271595/145786912*y^7 + 628156091/218680368*y^5 + 3244976093/109340184*y^3 + 2031257157/18223364*y, y^12 + 142*y^10 + 7173*y^8 + 157368*y^6 + 1510016*y^4 + 5098688*y^2 + 90352) a5=Mod(-10113/145786912*y^11 - 344967/36446728*y^9 - 65318629/145786912*y^7 - 642586259/72893456*y^5 - 2621345609/36446728*y^3 - 3577614383/18223364*y, y^12 + 142*y^10 + 7173*y^8 + 157368*y^6 + 1510016*y^4 + 5098688*y^2 + 90352)
[0;31m[0;31m  ***   at top-level: ...[0;35mF,3)," a5=",mfcoef(F,5));[0;35mdo_compute(mf,F,d,lab
[0;31m[0;31m  ***                                             ^---------------------
[0;31m  ***   in function do_compute: [0;35mLobj=lfunmf(mf,F);L1=[0;35mlfun(Lobj,1);L2=lfun(Lobj
[0;31m[0;31m  ***                                                ^-------------------------
  *** lfun: incorrect type in lfunmisc_to_ldata (t_VEC).[0m

======================================================
d=67 K=Q(sqrt(-67)) N=67 k=5 chi=Mod(66,67)
======================================================
  nforms=2
  j=1 a2=0 a3=0 a5=0
  LVALS_67.5.d67: L1=14.357566285385663529147769866760759784690428960110098965498236939540140669861895 L2=3.7858406719219780660989275162858104173836333871452206932901292298141314223363473 L3=1.4530307457782061524522152629093444041496958966379269372299333422996135695283274 L4=1.0823232319464562021778121546378525238688693130653543250845591017081312828160696
  Rf_67.5.d67=11.914295575121782016831888700057088896369161520122558497920017981054660365749498
  Rf_BESTAPPR_67.5.d67=5792494129/486180160
  Rf_OVER_SQRTD_67.5.d67=2211/1519
  BOOT_67.5.d67: a1/sqd=201/4 a2=1519/44 a3/sqd=1519/2948
  RESID_Q_67.5.d67=8.8125838227530199663224095141815065042578868136460308328038208719929655859160 E-19
  RESID_SQRTD_67.5.d67=7.490682167507517323 E-96
VERDICT_67.5.d67: Rf IN Q(sqrt(67))\Q = (2211/1519)*sqrt(67)
DONE_67.5.d67
  j=2 a2=Mod(y, y^20 + 238*y^18 + 23701*y^16 + 1282515*y^14 + 41040804*y^12 + 793900379*y^10 + 9123778858*y^8 + 58423464072*y^6 + 179432540880*y^4 + 183612261744*y^2 + 16979284000) a3=Mod(-9642620313577711/6866585741237164676106240*y^19 - 19240559563223959/61308801261046113179520*y^17 - 65563445395799847737/2288861913745721558702080*y^15 - 1879594248307693982039/1373317148247432935221248*y^13 - 5954152063742219618197/163490136696122968478720*y^11 - 3631961372776072180872169/6866585741237164676106240*y^9 - 3225554050120187172601561/858323217654645584513280*y^7 - 7329934334906247933131779/858323217654645584513280*y^5 + 55775199248601884641651/3576346740227689935472*y^3 + 6048592257556480198353657/143053869609107597418880*y, y^20 + 238*y^18 + 23701*y^16 + 1282515*y^14 + 41040804*y^12 + 793900379*y^10 + 9123778858*y^8 + 58423464072*y^6 + 179432540880*y^4 + 183612261744*y^2 + 16979284000) a5=Mod(-13789373863408251/1144430956872860779351040*y^19 - 54445007608192913/20436267087015371059840*y^17 - 274792828695997884311/1144430956872860779351040*y^15 - 2586812092483316288331/228886191374572155870208*y^13 - 24155574988432889506191/81745068348061484239360*y^11 - 4821940588462210293187069/1144430956872860779351040*y^9 - 66423553407206900238909/2235216712642306209670*y^7 - 10758733228274028739273689/143053869609107597418880*y^5 + 243905986494774056105143/7152693480455379870944*y^3 + 8782983869988428731642491/71526934804553798709440*y, y^20 + 238*y^18 + 23701*y^16 + 1282515*y^14 + 41040804*y^12 + 793900379*y^10 + 9123778858*y^8 + 58423464072*y^6 + 179432540880*y^4 + 183612261744*y^2 + 16979284000)
[0;31m[0;31m  ***   at top-level: ...[0;35mF,3)," a5=",mfcoef(F,5));[0;35mdo_compute(mf,F,d,lab
[0;31m[0;31m  ***                                             ^---------------------
[0;31m  ***   in function do_compute: [0;35mLobj=lfunmf(mf,F);L1=[0;35mlfun(Lobj,1);L2=lfun(Lobj
[0;31m[0;31m  ***                                                ^-------------------------
  *** lfun: incorrect type in lfunmisc_to_ldata (t_VEC).[0m

======================================================
d=163 K=Q(sqrt(-163)) N=163 k=5 chi=Mod(162,163)
======================================================
  nforms=2
  j=1 a2=0 a3=0 a5=0
[0;31m[0;31m  ***   at top-level: ...[0;35mF,3)," a5=",mfcoef(F,5));[0;35mdo_compute(mf,F,d,lab
[0;31m[0;31m  ***                                             ^---------------------
[0;31m  ***   in function do_compute: [0;35mLobj=[0;35mlfunmf(mf,F);L1=lfun(Lobj,1);L2=lfun(Lobj
[0;31m[0;31m  ***                                ^-----------------------------------------
  *** lfunmf: the PARI stack overflows !
  current stack size: 8000000 (7.629 Mbytes)
  [hint] set 'parisizemax' to a nonzero value in your GPRC
[0m

======================================================
SANITY CHECK: d=1 anchor (4.5.b.a, should give R=6/5)
======================================================
  nforms=1
  Rf_anchor=1.2000000000000000000000000000000000000000000000000000000000000000000000000000000 bestappr=6/5
  Sanity: expect 6/5=6/5 got ~1.2000000000000000000000000000000000000000000000000000000000000000000000000000000

======================================================
M97 F2 v8 COMPLETE
======================================================

======================================================
d=163 SUPPLEMENTARY RUN (larger stack: parisizemax=512M)
======================================================
  nforms=2
  j=1 a2=0 a3=0
  L1=54.481622571288289529679700346497731675379066718349835415375723047003135001224285 L2=6.1848616651887293929345701015383438649736606248892454969646482997970735780510699
  Rf_163.5.d163=27.673871218328741525573552998652018572762382073025722160706945611644960057474757
  Rf_BESTAPPR_163.5.d163=10133596162/366179205
  Rf_OVER_SQRTD_163.5.d163=326163/150473
  BOOT_163.5.d163: a1/sqd=489/4 a2=150473/2668 a3/sqd=150473/434884
  RESID_Q=1.32E-18 RESID_SQRTD=1.50E-95
VERDICT_163.5.d163: Rf IN Q(sqrt(163))\Q = (326163/150473)*sqrt(163)
DONE_163.5.d163
