[0;31m  ***   Warning: new stack size = 128000000 (122.070 Mbytes).[0m
====================================================
M87 — Pair Correlation R_2(r) for L(4.5.b.a, s)
====================================================
  Bins: [0, 5.000000000000000000] width 0.1000000000000000000 => 50 bins
  Chi^2 threshold: 98 (conservative 2*(N_bins-1))

[0;31m[0;31m  ***   syntax error, unexpected end of file, expecting )-> or ',' or ')': 
[0;31m  ***   [0;35mif(READ_FROM_LOG==0[0;35m,
[0;31m[0;31m  ***                      ^-[0m
Step 1 (Mode A): Recomputing zeros of L(4.5.b.a, s)...
[0;31m[0;31m  ***   at top-level: [0;35mF=[0;35mmfnewforms(mf)
[0;31m[0;31m  ***                   ^--------------
  ***   not a function in function call[0m
[0;31m[0;31m  ***   at top-level: [0;35mf=F[0;35m[1]
[0;31m[0;31m  ***                    ^---
  ***   incorrect type in _[_] OCcompo1 [not a vector] (t_POL).[0m
[0;31m[0;31m  ***   at top-level: [0;35mcoefs=[0;35mmfcoefs(f,6)
[0;31m[0;31m  ***                       ^------------
  *** mfcoefs: incorrect type in mfcoefs (t_POL).[0m
[0;31m[0;31m  ***   at top-level: [0;35ma2_check=coefs[0;35m[3]
[0;31m[0;31m  ***                               ^---
  ***   incorrect type in _[_] OCcompo1 [not a vector] (t_POL).[0m
[0;31m[0;31m  ***   syntax error, unexpected end of file, expecting )-> or ',' or ')': 
[0;31m  ***   [0;35mif(a2_check!=-4[0;35m,
[0;31m[0;31m  ***                  ^-[0m
[0;31m[0;31m  ***   at top-level:[0;35m error("a_2 mismatch in pair_correlation_v2.gp:
[0;31m[0;31m  ***                 ^----------------------------------------------
  ***   user error: a_2 mismatch in pair_correlation_v2.gp: got a2_check expected -4[0m
[0;31m[0;31m  ***   syntax error, unexpected ')', expecting end of file:[0;35m );
[0;31m[0;31m  ***                                                        ^--[0m
  a_2 = -4 confirmed.
  Zeros computed: 10
[0;31m[0;31m  ***   syntax error, unexpected end of file, expecting )-> or ',' or ')': 
[0;31m  ***   ...[0;35mm_gaps=vector(N_zeros-1,j[0;35m,
[0;31m[0;31m  ***                               ^-[0m
[0;31m[0;31m  ***   at top-level: [0;35m(zeros[[0;35mj+1]-zeros[j])/Delta((zeros[j]+zeros[j+
[0;31m[0;31m  ***                        ^---------------------------------------
  ***   incorrect type in gtos [integer expected] (t_POL).[0m
[0;31m[0;31m  ***   syntax error, unexpected ')', expecting end of file:[0;35m );
[0;31m[0;31m  ***                                                        ^--[0m
  Normalized gaps computed: 2
[0;31m[0;31m  ***   syntax error, unexpected ',', expecting end of file:[0;35m ,
[0;31m[0;31m  ***                                                        ^-[0m
Step 1 (Mode B): Reading normalized gaps from r_1_test_v2.log ...
[0;31m[0;31m  ***   at top-level: [0;35mif(fid==0,[0;35merror("Cannot open log file: ",LOG_F
[0;31m[0;31m  ***                           ^------------------------------------
  ***   user error: Cannot open log file: r_1_test_v2.log[0m
[0;31m[0;31m  ***   syntax error, unexpected end of file, expecting )-> or ',' or ')': 
[0;31m  ***   [0;35mwhile(line!=""[0;35m,
[0;31m[0;31m  ***                 ^-[0m
[0;31m[0;31m  ***   syntax error, unexpected end of file, expecting )-> or ',' or ')': 
[0;31m  ***   ...[0;35mf(substr(line,1,3)=="GAP"[0;35m,
[0;31m[0;31m  ***                               ^-[0m
[0;31m[0;31m  ***   syntax error, unexpected end of file, expecting )-> or ',' or ')': 
[0;31m  ***   [0;35mif(#vals>=3[0;35m,
[0;31m[0;31m  ***              ^-[0m
[0;31m[0;31m  ***   at top-level: [0;35mvf=eval(vals[0;35m[3])
[0;31m[0;31m  ***                             ^----
  ***   nonexistent component: index > 1[0m
[0;31m[0;31m  ***   syntax error, unexpected ')', expecting end of file:[0;35m );
[0;31m[0;31m  ***                                                        ^--[0m
[0;31m[0;31m  ***   syntax error, unexpected ')', expecting end of file:[0;35m );
[0;31m[0;31m  ***                                                        ^--[0m
[0;31m[0;31m  ***   syntax error, unexpected ')', expecting end of file:[0;35m );
[0;31m[0;31m  ***                                                        ^--[0m
  Read 1 normalized gaps from log.
[0;31m[0;31m  ***   syntax error, unexpected ')', expecting end of file:[0;35m );
[0;31m[0;31m  ***                                                        ^--[0m
[0;31m[0;31m  ***   syntax error, unexpected end of file, expecting )-> or ',' or ')': 
[0;31m  ***   [0;35mif(N_gaps<20[0;35m,
[0;31m[0;31m  ***               ^-[0m
WARNING: only 1 gaps available; pair correlation may be unreliable.
  Recommend: extend zeros to height T=200 for robust statistics.
[0;31m[0;31m  ***   syntax error, unexpected ')', expecting end of file:[0;35m );
[0;31m[0;31m  ***                                                        ^--[0m

Step 2: Building pair correlation histogram...
[0;31m[0;31m  ***   syntax error, unexpected end of file, expecting )-> or ',' or ')': 
[0;31m  ***   [0;35mfor(i=1,N_gaps[0;35m,
[0;31m[0;31m  ***                 ^-[0m
[0;31m[0;31m  ***   syntax error, unexpected end of file, expecting )-> or ',' or ')': 
[0;31m  ***   [0;35mfor(j=i,N_gaps[0;35m,
[0;31m[0;31m  ***                 ^-[0m
[0;31m[0;31m  ***   at top-level: [0;35ms_cumul+=norm_gaps[[0;35mj]
[0;31m[0;31m  ***                                    ^--
  ***   incorrect type in gtos [integer expected] (t_POL).[0m
[0;31m[0;31m  ***   syntax error, unexpected end of file, expecting )-> or ',' or ')': 
[0;31m  ***   ...[0;35mn_idx>=1&&bin_idx<=N_BINS[0;35m,
[0;31m[0;31m  ***                               ^-[0m
[0;31m[0;31m  ***   syntax error, unexpected ')', expecting end of file:[0;35m );
[0;31m[0;31m  ***                                                        ^--[0m
[0;31m[0;31m  ***   syntax error, unexpected ')', expecting end of file:[0;35m );
[0;31m[0;31m  ***                                                        ^--[0m
[0;31m[0;31m  ***   syntax error, unexpected ')', expecting end of file:[0;35m );
[0;31m[0;31m  ***                                                        ^--[0m
  Total pairs counted: 1
  GUE integral [0,5.000000000000000000]: 5.000000000000000000  (numerical: 4.510111840712946402)

Step 4: Chi^2 test vs GUE...
[0;31m[0;31m  ***   syntax error, unexpected end of file, expecting )-> or ',' or ')': 
[0;31m  ***   [0;35mfor(k=1,N_BINS[0;35m,
[0;31m[0;31m  ***                 ^-[0m
[0;31m[0;31m  ***   syntax error, unexpected end of file, expecting )-> or ',' or ')': 
[0;31m  ***   [0;35mif(gue_expected[k]>=5[0;35m,
[0;31m[0;31m  ***                        ^-[0m
[0;31m[0;31m  ***   at top-level: [0;35mchi2+=(hist[[0;35mk]-gue_expected[k])^2/gue_expected
[0;31m[0;31m  ***                             ^----------------------------------
  ***   incorrect type in gtos [integer expected] (t_POL).[0m
[0;31m[0;31m  ***   syntax error, unexpected ')', expecting end of file:[0;35m );
[0;31m[0;31m  ***                                                        ^--[0m
[0;31m[0;31m  ***   syntax error, unexpected ')', expecting end of file:[0;35m );
[0;31m[0;31m  ***                                                        ^--[0m
  Chi^2 = 0.E-19  with 0 effective dof
  Threshold: 98
[0;31m[0;31m  ***   syntax error, unexpected end of file, expecting )-> or ',' or ')': 
[0;31m  ***   [0;35mif(chi2>CHI2_THRESHOLD[0;35m,
[0;31m[0;31m  ***                         ^-[0m
  WARNING: chi^2 = 0.E-19 > 98
  Systematic deviation from GUE detected.
  ACTION: Increase N_zeros (extend to T=200), recheck normalization.
[0;31m[0;31m  ***   syntax error, unexpected ',', expecting end of file:[0;35m ,
[0;31m[0;31m  ***                                                        ^-[0m
  PASS: chi^2 = 0.E-19 <= 98 (consistent with GUE)
[0;31m[0;31m  ***   syntax error, unexpected ')', expecting end of file:[0;35m );
[0;31m[0;31m  ***                                                        ^--[0m

Step 5: Nearest-neighbor spacing distribution p(s)...
[0;31m[0;31m  ***   syntax error, unexpected end of file, expecting )-> or ',' or ')': 
[0;31m  ***   [0;35mfor(j=1,N_gaps[0;35m,
[0;31m[0;31m  ***                 ^-[0m
[0;31m[0;31m  ***   at top-level: [0;35ms=norm_gaps[[0;35mj]
[0;31m[0;31m  ***                             ^--
  ***   incorrect type in gtos [integer expected] (t_POL).[0m
[0;31m[0;31m  ***   at top-level: [0;35mif(bin_idx[0;35m>=1&&bin_idx<=N_BINS,nn_hist[bin_idx
[0;31m[0;31m  ***                           ^------------------------------------
  *** _>=_: forbidden comparison t_POL , t_INT.[0m
[0;31m[0;31m  ***   syntax error, unexpected ')', expecting end of file:[0;35m );
[0;31m[0;31m  ***                                                        ^--[0m
[0;31m[0;31m  ***   syntax error, unexpected end of file, expecting )-> or ',' or ')': 
[0;31m  ***   ...[0;35m_expected=vector(N_BINS,k[0;35m,
[0;31m[0;31m  ***                               ^-[0m
[0;35m0.0008079934484234683844 - 0.003221686101589676627*k + 0.003180600826654944602*k^2 + 8.190885390421250574 E-5*k^3 - 4.030129800607744802 E-5*k^4 - 7.806475642357845645 E-7*k^5 + 2.550478380505561500 E-7*k^6 + 4.408553612597364397 E-9*k^7 - 1.075733265716797587 E-9*k^8 - 1.750465705724496583 E-11*k^9 + 3.402436210841736773 E-12*k^10 + 5.337818728837066456 E-14*k^11 - 8.608542766356801472 E-15*k^12 - 1.318721669102659908 E-16*k^13 + 1.814939411261803806 E-17*k^14 + 2.735503579623190059 E-19*k^15 + O(k^16)[0m
[0;31m[0;31m  ***   syntax error, unexpected ')', expecting end of file:[0;35m );
[0;31m[0;31m  ***                                                        ^--[0m
[0;31m[0;31m  ***   syntax error, unexpected end of file, expecting )-> or ',' or ')': 
[0;31m  ***   ...[0;35m_expected=vector(N_BINS,k[0;35m,
[0;31m[0;31m  ***                               ^-[0m
[0;35m-0.007833441492809754095 + 0.01560535928000416672*k + 0.0001843295138190459273*k^2 - 0.0001220816316380145777*k^3 - 1.204853800605472767 E-6*k^4 + 4.775208664409863947 E-7*k^5 + 4.410233201109743028 E-9*k^6 - 1.245198434875259210 E-9*k^7 - 1.111901086564491135 E-11*k^8 + 2.435238242082487898 E-12*k^9 + 2.131896655981967275 E-14*k^10 - 3.810041579004893237 E-15*k^11 - 3.293707943966194209 E-17*k^12 + 4.967433747671939006 E-18*k^13 + 4.258475719985045303 E-20*k^14 - 5.551150305013928273 E-21*k^15 + O(k^16)[0m
[0;31m[0;31m  ***   syntax error, unexpected ')', expecting end of file:[0;35m );
[0;31m[0;31m  ***                                                        ^--[0m
[0;31m[0;31m  ***   syntax error, unexpected end of file, expecting )-> or ',' or ')': 
[0;31m  ***   [0;35mfor(k=1,N_BINS[0;35m,
[0;31m[0;31m  ***                 ^-[0m
[0;31m[0;31m  ***   syntax error, unexpected end of file, expecting )-> or ',' or ')': 
[0;31m  ***   [0;35mif(gue_nn_expected[k]>=3[0;35m,
[0;31m[0;31m  ***                           ^-[0m
[0;31m[0;31m  ***   at top-level: [0;35mchi2_nn_gue+=(nn_hist[[0;35mk]-gue_nn_expected[k])^2
[0;31m[0;31m  ***                                       ^------------------------
  ***   incorrect type in gtos [integer expected] (t_POL).[0m
[0;31m[0;31m  ***   at top-level: [0;35mchi2_nn_goe+=(nn_hist[[0;35mk]-goe_nn_expected[k])^2
[0;31m[0;31m  ***                                       ^------------------------
  ***   incorrect type in gtos [integer expected] (t_POL).[0m
[0;31m[0;31m  ***   syntax error, unexpected ')', expecting end of file:[0;35m );
[0;31m[0;31m  ***                                                        ^--[0m
[0;31m[0;31m  ***   syntax error, unexpected ')', expecting end of file:[0;35m );
[0;31m[0;31m  ***                                                        ^--[0m
  NN spacing chi^2 vs GUE: 0.E-19  (dof~0)
  NN spacing chi^2 vs GOE: 0.E-19  (dof~0)
[0;31m[0;31m  ***   syntax error, unexpected end of file, expecting )-> or ',' or ')': 
[0;31m  ***   ...[0;35mf(chi2_nn_goe<chi2_nn_gue[0;35m,
[0;31m[0;31m  ***                               ^-[0m
[0;31m[0;31m  ***   at top-level: ...[0;35mUE (ratio = ",chi2_nn_goe[0;35m/chi2_nn_gue,")")
[0;31m[0;31m  ***                                             ^-----------------
  *** _/_: impossible inverse in divrr: 0.E-19.[0m
  This is CONSISTENT with SO(even) family prediction near central point.
[0;31m[0;31m  ***   syntax error, unexpected ',', expecting end of file:[0;35m ,
[0;31m[0;31m  ***                                                        ^-[0m
[0;31m[0;31m  ***   at top-level: ...[0;35m/chi2_gue = ",chi2_nn_goe[0;35m/chi2_nn_gue,")")
[0;31m[0;31m  ***                                             ^-----------------
  *** _/_: impossible inverse in divrr: 0.E-19.[0m
[0;31m[0;31m  ***   syntax error, unexpected ')', expecting end of file:[0;35m );
[0;31m[0;31m  ***                                                        ^--[0m

Step 6: Full histogram output...
FORMAT: BIN center  observed  GUE_pair_expected  GUE_nn_expected  GOE_nn_expected
[0;31m[0;31m  ***   syntax error, unexpected end of file, expecting )-> or ',' or ')': 
[0;31m  ***   [0;35mfor(k=1,N_BINS[0;35m,
[0;31m[0;31m  ***                 ^-[0m
[0;31m[0;31m  ***   syntax error, unexpected end of file, expecting )-> or ',' or ')': ...[0;35m 
[0;31m  ***   %d %.4f %.4f %.4f\n"[0;35m,
[0;31m[0;31m  ***                       ^-[0m
[0;31m[0;31m  ***   syntax error, unexpected ',', expecting end of file: [0;35mr_center
[0;31m  ***   [0;35m,hist[k],gue_expected[k],gue_nn_expect
[0;31m[0;31m  ***   ^--------------------------------------[0m
[0;31m[0;31m  ***   syntax error, unexpected ')', expecting end of file:[0;35m );
[0;31m[0;31m  ***                                                        ^--[0m
[0;31m[0;31m  ***   syntax error, unexpected ')', expecting end of file:[0;35m );
[0;31m[0;31m  ***                                                        ^--[0m

====================================================
PAIR CORRELATION SUMMARY
====================================================
  Chi^2 (pair corr vs GUE):    0.00  (threshold: 98)
  Chi^2 (NN spacing vs GUE):   0.00
  Chi^2 (NN spacing vs GOE):   0.00
[0;31m[0;31m  ***   syntax error, unexpected end of file, expecting )-> or ',' or ')': 
[0;31m  ***   [0;35mif(chi2>CHI2_THRESHOLD[0;35m,
[0;31m[0;31m  ***                         ^-[0m
  OVERALL: WARNING — pair correlation deviates from GUE
  Possible sources: (1) too few zeros; (2) CM arithmetic anomaly
  Recommended: extend to T=200 (N~150 zeros) before claiming anomaly
[0;31m[0;31m  ***   syntax error, unexpected ',', expecting end of file:[0;35m ,
[0;31m[0;31m  ***                                                        ^-[0m
  OVERALL: CONSISTENT WITH GUE pair correlation
[0;31m[0;31m  ***   syntax error, unexpected ')', expecting end of file:[0;35m );
[0;31m[0;31m  ***                                                        ^--[0m
[0;31m[0;31m  ***   syntax error, unexpected end of file, expecting )-> or ',' or ')': 
[0;31m  ***   ...[0;35mf(chi2_nn_goe<chi2_nn_gue[0;35m,
[0;31m[0;31m  ***                               ^-[0m
  NN spacing: closer to GOE/SO(even) — EXPECTED for low-lying zeros
[0;31m[0;31m  ***   syntax error, unexpected ',', expecting end of file:[0;35m ,
[0;31m[0;31m  ***                                                        ^-[0m
  NN spacing: closer to GUE — EXPECTED for large-height zeros
[0;31m[0;31m  ***   syntax error, unexpected ')', expecting end of file:[0;35m );
[0;31m[0;31m  ***                                                        ^--[0m

References:
  Hamieh-Wong arXiv:2412.03034 (Hilbert modular Katz-Sarnak)
  Montgomery (1973) pair correlation conjecture
  Katz-Sarnak (1999) BAMS 36(1):1-26
  Shin-Templier arXiv:1208.1945 (Frobenius-Schur indicator)
====================================================
pair_correlation_v2.gp COMPLETE
====================================================
