============================================================
N2 — KK graviton ΔN_eff vs ACT DR6
============================================================
ACT DR6: N_eff = 2.86 ± 0.13
SM value: N_eff^SM = 3.044
ΔN_eff = N_eff - N_eff^SM = -0.184
3σ upper bound on |ΔN_eff|: 0.390

c' = 0.05: ALL ℓ values excluded!
  ℓ =   0.1 μm: ΔN_eff = 11298742749.4525  [EXCLUDED]
  ℓ =   0.5 μm: ΔN_eff = 282468568736.3132  [EXCLUDED]
  ℓ =   1.0 μm: ΔN_eff = 1129874274945.2529  [EXCLUDED]
  ℓ =   3.0 μm: ΔN_eff = 10168868474507.2773  [EXCLUDED]
  ℓ =   5.0 μm: ΔN_eff = 28246856873631.3242  [EXCLUDED]
  ℓ =  10.0 μm: ΔN_eff = 112987427494525.2969  [EXCLUDED]


VERDICT:
  For c'=0.05: ALL tested ℓ ∈ [0.1,10] μm exceed the ACT DR6 3σ bound under the simplified estimator used here.
  The paper value c'~0.05 with ℓ ~ few μm is marginally excluded (simplified estimator; see paper for full Boltzmann calc).
Saved: n2-kk-neff.png
============================================================

--- STDERR ---
