============================================================
N3 — PPN γ bound (Cassini) vs NMC scalar-tensor
============================================================
Cassini bound: |γ - 1| < 2.3e-05  (Bertotti+2003, Nature 425)

   ξ_χ   χ₀/M_P            γ-1    |γ-1|/bound     Status
--------------------------------------------------------
  0.01    0.010    -2.0000e-06          0.087         OK
  0.01    0.100    -1.9998e-04          8.695   EXCLUDED
  0.01    0.500    -4.9868e-03        216.817   EXCLUDED
  0.10    0.010    -2.0000e-05          0.870         OK
  0.10    0.100    -1.9968e-03         86.818   EXCLUDED
  0.10    0.500    -4.8077e-02       2090.301   EXCLUDED
  1.00    0.010    -1.9986e-04          8.690   EXCLUDED
  1.00    0.100    -1.8692e-02        812.678   EXCLUDED
  1.00    0.500    -1.8182e-01       7905.138   EXCLUDED

For ξ = 0.01: χ_0/M_P < 0.0339  (Cassini admissible)
For ξ = 1/6 (conformal): χ_0/M_P < 0.0083

Admissible fraction of [0.0,1.0] × [0.0,0.5]: 1.6731%

VERDICT:
  Small ξ_χ χ_0^2/M_P^2 ≪ 1 satisfies Cassini bound trivially.
  For ξ_χ = 0.1: χ_0/M_P must be ≪ 0.01 (tight constraint).
  The NMC coupling must be screened at solar system scales
  (chameleon/Vainshtein-like mechanism needed for ξ ~ O(1)).

Saved: n3-ppn-gamma.png
============================================================

--- STDERR ---
/home/remondiere/crossed-cosmos/numerics/N3-ppn-gamma.py:142: UserWarning: Log scale: values of z <= 0 have been masked
  cf = ax.contourf(XI, CHI, np.abs(GM1), levels=levels_log, cmap="RdYlGn_r",
