============================================================
N4 — Ġ/G bound (Biskupek 2021) vs NMC prediction
============================================================
LLR bound: Ġ/G = (-5.0 ± 9.6) × 10^{-15} yr^{-1}
           2σ bound: |Ġ/G| < 24.2 × 10^{-15} yr^{-1}
           Reference: Biskupek+2021, Universe 7 34

H_0 = 6.890e-11 yr^{-1}
V_0 ~ 3H_0^2 Ω_φ M_P^2 (in M_P=1): V_0 = 9.684e-21 yr^{-2}

α = 0.5 (exponential potential slope)

   ξ_χ   χ₀/M_P       Ġ/G [yr⁻¹]   |ΔG/G|/bound     Status
------------------------------------------------------------
 0.010    0.100       -4.457e-14         1.8418   EXCLUDED
 0.010    0.300       -1.211e-13         5.0036   EXCLUDED
 0.010    0.500       -1.829e-13         7.5578   EXCLUDED
 0.050    0.100       -2.229e-13         9.2127   EXCLUDED
 0.050    0.300       -6.076e-13        25.1084   EXCLUDED
 0.050    0.500       -9.238e-13        38.1717   EXCLUDED
 0.100    0.100       -4.461e-13        18.4346   EXCLUDED
 0.100    0.300       -1.221e-12        50.4448   EXCLUDED
 0.100    0.500       -1.871e-12        77.3223   EXCLUDED
 1.000    0.100       -4.502e-12       186.0214   EXCLUDED
 1.000    0.300       -1.329e-11       549.3492   EXCLUDED

ξ_χ = 0.010: χ_0/M_P < 0.0526  (2σ admissible)
ξ_χ = 0.050: χ_0/M_P < 0.0100  (2σ admissible)
ξ_χ = 0.100: ALL χ_0 EXCLUDED at α=0.5
ξ_χ = 0.500: ALL χ_0 EXCLUDED at α=0.5

Effect of potential slope α:
  α = 0.1, ξ=0.1: χ_0/M_P < 0.0247
  α = 0.5, ξ=0.1: χ_0/M_P < 0.0000
  α = 1.0, ξ=0.1: χ_0/M_P < 0.0000
  α = 2.0, ξ=0.1: χ_0/M_P < 0.0000

VERDICT:
  For ξ_χ ≲ 0.05 and χ_0/M_P ≲ 0.3: Ġ/G within LLR 2σ bound.
  Larger ξ_χ requires smaller χ_0/M_P or shallower potential (smaller α).
  The constraint is Ġ/G ~ 10^{-15} yr^{-1}: same order as LLR σ.
Saved: n4-gdot-g.png
============================================================

--- STDERR ---
