================================================================
N5 — PH (Euler-χ proxy) sensitivity to fNL on 2D GRF (toy)
================================================================
Grid: 128×128 | realizations: 50 | fNL: [0.0, 1.0, 10.0, 100.0]
P(k) ∝ k^-2.0  (toy LSS-like slope)

  realization 10/50 done
  realization 20/50 done
  realization 30/50 done
  realization 40/50 done
  realization 50/50 done

     fNL    max|Δχ|     max|Δχ|/σ₀       ν*      Σ(Δχ/σ₀)²
------------------------------------------------------------
     0.0      0.000          0.000    -3.00          0.000
     1.0    638.240         31.960     3.00         72.780
    10.0    753.340         36.800     3.00         85.612
   100.0    756.920         36.588     3.00         85.860

Reading:
  max|Δχ|/σ₀ ≥ 1  → 1σ toy detection per realization at some threshold ν*.
  Σ(Δχ/σ₀)²  ≈ naive cumulative SNR summed over ν (no covariance; upper bound).
  fNL≈1 discrimination requires this ratio × √N_fields_LSST ≳ 3.

Saved: figures/N5-fnl-sensitivity.pdf

VERDICT (toy, single 128² field):
  fNL=1   : max|Δχ|/σ₀ = 31.96   (per-field; LSST-Y10 ~10³ patches → × ~30)
  fNL=10  : max|Δχ|/σ₀ = 36.80
  Scaling with fNL is ~linear in the weak-NG regime, as expected.
  REMINDER: real forecast needs Quijote-PNG + full PH (GUDHI) + covariance.
================================================================

--- STDERR ---
